<?xml version="1.0" encoding="utf-8"?><testsuites><testsuite name="pytest" errors="0" failures="0" skipped="0" tests="3" time="0.230" timestamp="2024-07-21T22:35:23.971560" hostname="LAPTOP-1JBEPUD5"><testcase classname="tests.test_multiplication" name="test_multiplication_11[1-11]" time="0.005" /><testcase classname="tests.test_multiplication" name="test_multiplication_11[2-22]" time="0.005" /><testcase classname="tests.test_multiplication" name="test_multiplication_11[3-33]" time="0.003" /></testsuite></testsuites>